03-Oct-2022 11:29:01 INFO - HV000001: Hibernate Validator 6.2.5.Final
03-Oct-2022 11:29:02 INFO - Bootstrapping Spring Data JPA repositories in DEFAULT mode.
03-Oct-2022 11:29:02 INFO - Finished Spring Data repository scanning in 125 ms. Found 7 JPA repository interfaces.
03-Oct-2022 11:29:03 INFO - Tomcat initialized with port(s): 8080 (http)
03-Oct-2022 11:29:03 INFO - Initializing ProtocolHandler ["http-nio-8080"]
03-Oct-2022 11:29:03 INFO - Starting service [Tomcat]
03-Oct-2022 11:29:03 INFO - Starting Servlet engine: [Apache Tomcat/9.0.65]
03-Oct-2022 11:29:03 INFO - Initializing Spring embedded WebApplicationContext
03-Oct-2022 11:29:03 INFO - Root WebApplicationContext: initialization completed in 1687 ms
03-Oct-2022 11:29:03 INFO - HHH000204: Processing PersistenceUnitInfo [name: default]
03-Oct-2022 11:29:03 INFO - HHH000412: Hibernate ORM core version 5.6.11.Final
03-Oct-2022 11:29:03 INFO - HCANN000001: Hibernate Commons Annotations {5.1.2.Final}
03-Oct-2022 11:29:03 INFO - HHH000400: Using dialect: org.hibernate.dialect.PostgreSQL10Dialect
03-Oct-2022 11:29:04 INFO - HHH000490: Using JtaPlatform implementation: [org.hibernate.engine.transaction.jta.platform.internal.NoJtaPlatform]
03-Oct-2022 11:29:04 INFO - Initialized JPA EntityManagerFactory for persistence unit 'default'
03-Oct-2022 11:29:05 WARN - spring.jpa.open-in-view is enabled by default. Therefore, database queries may be performed during view rendering. Explicitly configure spring.jpa.open-in-view to disable this warning
03-Oct-2022 11:29:05 INFO - Starting ProtocolHandler ["http-nio-8080"]
03-Oct-2022 11:29:05 INFO - Tomcat started on port(s): 8080 (http) with context path ''
03-Oct-2022 11:30:02 INFO - Initializing Spring DispatcherServlet 'dispatcherServlet'
03-Oct-2022 11:30:02 INFO - Initializing Servlet 'dispatcherServlet'
03-Oct-2022 11:30:02 INFO - Completed initialization in 2 ms
03-Oct-2022 11:52:51 INFO - Neither @ContextConfiguration nor @ContextHierarchy found for test class [com.CreditCardPaymentApplicationTests], using SpringBootContextLoader
03-Oct-2022 11:52:51 INFO - Could not detect default resource locations for test class [com.CreditCardPaymentApplicationTests]: no resource found for suffixes {-context.xml, Context.groovy}.
03-Oct-2022 11:52:51 INFO - Could not detect default configuration classes for test class [com.CreditCardPaymentApplicationTests]: CreditCardPaymentApplicationTests does not declare any static, non-private, non-final, nested classes annotated with @Configuration.
03-Oct-2022 11:52:51 INFO - Found @SpringBootConfiguration com.CreditCardPaymentApplication for test class com.CreditCardPaymentApplicationTests
03-Oct-2022 11:52:51 INFO - Loaded default TestExecutionListener class names from location [META-INF/spring.factories]: [org.springframework.boot.test.mock.mockito.MockitoTestExecutionListener, org.springframework.boot.test.mock.mockito.ResetMocksTestExecutionListener, org.springframework.boot.test.autoconfigure.restdocs.RestDocsTestExecutionListener, org.springframework.boot.test.autoconfigure.web.client.MockRestServiceServerResetTestExecutionListener, org.springframework.boot.test.autoconfigure.web.servlet.MockMvcPrintOnlyOnFailureTestExecutionListener, org.springframework.boot.test.autoconfigure.web.servlet.WebDriverTestExecutionListener, org.springframework.boot.test.autoconfigure.webservices.client.MockWebServiceServerTestExecutionListener, org.springframework.test.context.web.ServletTestExecutionListener, org.springframework.test.context.support.DirtiesContextBeforeModesTestExecutionListener, org.springframework.test.context.event.ApplicationEventsTestExecutionListener, org.springframework.test.context.support.DependencyInjectionTestExecutionListener, org.springframework.test.context.support.DirtiesContextTestExecutionListener, org.springframework.test.context.transaction.TransactionalTestExecutionListener, org.springframework.test.context.jdbc.SqlScriptsTestExecutionListener, org.springframework.test.context.event.EventPublishingTestExecutionListener]
03-Oct-2022 11:52:51 INFO - Using TestExecutionListeners: [org.springframework.test.context.web.ServletTestExecutionListener@73bb573d, org.springframework.test.context.support.DirtiesContextBeforeModesTestExecutionListener@7ac058a0, org.springframework.test.context.event.ApplicationEventsTestExecutionListener@736b21ee, org.springframework.boot.test.mock.mockito.MockitoTestExecutionListener@60deefed, org.springframework.boot.test.autoconfigure.SpringBootDependencyInjectionTestExecutionListener@49754e74, org.springframework.test.context.support.DirtiesContextTestExecutionListener@31881aa2, org.springframework.test.context.transaction.TransactionalTestExecutionListener@1b46392c, org.springframework.test.context.jdbc.SqlScriptsTestExecutionListener@cf01c2e, org.springframework.test.context.event.EventPublishingTestExecutionListener@6f15f52a, org.springframework.boot.test.mock.mockito.ResetMocksTestExecutionListener@1eb9bf60, org.springframework.boot.test.autoconfigure.restdocs.RestDocsTestExecutionListener@341c6ac2, org.springframework.boot.test.autoconfigure.web.client.MockRestServiceServerResetTestExecutionListener@38811103, org.springframework.boot.test.autoconfigure.web.servlet.MockMvcPrintOnlyOnFailureTestExecutionListener@787d1f9c, org.springframework.boot.test.autoconfigure.web.servlet.WebDriverTestExecutionListener@2becfd4c, org.springframework.boot.test.autoconfigure.webservices.client.MockWebServiceServerTestExecutionListener@7c71c889]
03-Oct-2022 11:52:52 INFO - HV000001: Hibernate Validator 6.2.5.Final
03-Oct-2022 11:52:55 INFO - Bootstrapping Spring Data JPA repositories in DEFAULT mode.
03-Oct-2022 11:52:55 INFO - Finished Spring Data repository scanning in 208 ms. Found 7 JPA repository interfaces.
03-Oct-2022 11:52:56 INFO - HHH000204: Processing PersistenceUnitInfo [name: default]
03-Oct-2022 11:52:56 INFO - HHH000412: Hibernate ORM core version 5.6.11.Final
03-Oct-2022 11:52:57 INFO - HCANN000001: Hibernate Commons Annotations {5.1.2.Final}
03-Oct-2022 11:52:58 INFO - HHH000400: Using dialect: org.hibernate.dialect.PostgreSQL10Dialect
03-Oct-2022 11:53:00 INFO - HHH000490: Using JtaPlatform implementation: [org.hibernate.engine.transaction.jta.platform.internal.NoJtaPlatform]
03-Oct-2022 11:53:00 INFO - Initialized JPA EntityManagerFactory for persistence unit 'default'
03-Oct-2022 11:53:02 WARN - spring.jpa.open-in-view is enabled by default. Therefore, database queries may be performed during view rendering. Explicitly configure spring.jpa.open-in-view to disable this warning
03-Oct-2022 11:53:04 INFO - Neither @ContextConfiguration nor @ContextHierarchy found for test class [com.service.AccountServiceTest], using SpringBootContextLoader
03-Oct-2022 11:53:04 INFO - Could not detect default resource locations for test class [com.service.AccountServiceTest]: no resource found for suffixes {-context.xml, Context.groovy}.
03-Oct-2022 11:53:04 INFO - Could not detect default configuration classes for test class [com.service.AccountServiceTest]: AccountServiceTest does not declare any static, non-private, non-final, nested classes annotated with @Configuration.
03-Oct-2022 11:53:04 INFO - Found @SpringBootConfiguration com.CreditCardPaymentApplication for test class com.service.AccountServiceTest
03-Oct-2022 11:53:04 INFO - Loaded default TestExecutionListener class names from location [META-INF/spring.factories]: [org.springframework.boot.test.mock.mockito.MockitoTestExecutionListener, org.springframework.boot.test.mock.mockito.ResetMocksTestExecutionListener, org.springframework.boot.test.autoconfigure.restdocs.RestDocsTestExecutionListener, org.springframework.boot.test.autoconfigure.web.client.MockRestServiceServerResetTestExecutionListener, org.springframework.boot.test.autoconfigure.web.servlet.MockMvcPrintOnlyOnFailureTestExecutionListener, org.springframework.boot.test.autoconfigure.web.servlet.WebDriverTestExecutionListener, org.springframework.boot.test.autoconfigure.webservices.client.MockWebServiceServerTestExecutionListener, org.springframework.test.context.web.ServletTestExecutionListener, org.springframework.test.context.support.DirtiesContextBeforeModesTestExecutionListener, org.springframework.test.context.event.ApplicationEventsTestExecutionListener, org.springframework.test.context.support.DependencyInjectionTestExecutionListener, org.springframework.test.context.support.DirtiesContextTestExecutionListener, org.springframework.test.context.transaction.TransactionalTestExecutionListener, org.springframework.test.context.jdbc.SqlScriptsTestExecutionListener, org.springframework.test.context.event.EventPublishingTestExecutionListener]
03-Oct-2022 11:53:04 INFO - Using TestExecutionListeners: [org.springframework.test.context.web.ServletTestExecutionListener@2275c82e, org.springframework.test.context.support.DirtiesContextBeforeModesTestExecutionListener@5d9ada13, org.springframework.test.context.event.ApplicationEventsTestExecutionListener@1917be91, org.springframework.boot.test.mock.mockito.MockitoTestExecutionListener@7c0c380f, org.springframework.boot.test.autoconfigure.SpringBootDependencyInjectionTestExecutionListener@7034bb18, org.springframework.test.context.support.DirtiesContextTestExecutionListener@7bf5bd4f, org.springframework.test.context.transaction.TransactionalTestExecutionListener@5fb27796, org.springframework.test.context.jdbc.SqlScriptsTestExecutionListener@4263f02f, org.springframework.test.context.event.EventPublishingTestExecutionListener@175a6f00, org.springframework.boot.test.mock.mockito.ResetMocksTestExecutionListener@4113a761, org.springframework.boot.test.autoconfigure.restdocs.RestDocsTestExecutionListener@dd17612, org.springframework.boot.test.autoconfigure.web.client.MockRestServiceServerResetTestExecutionListener@506e1d0f, org.springframework.boot.test.autoconfigure.web.servlet.MockMvcPrintOnlyOnFailureTestExecutionListener@14085a6d, org.springframework.boot.test.autoconfigure.web.servlet.WebDriverTestExecutionListener@487cdf22, org.springframework.boot.test.autoconfigure.webservices.client.MockWebServiceServerTestExecutionListener@4e9b51d9]
03-Oct-2022 11:53:05 INFO - Bootstrapping Spring Data JPA repositories in DEFAULT mode.
03-Oct-2022 11:53:05 INFO - Finished Spring Data repository scanning in 112 ms. Found 7 JPA repository interfaces.
03-Oct-2022 11:53:06 INFO - HHH000204: Processing PersistenceUnitInfo [name: default]
03-Oct-2022 11:53:06 INFO - HHH000400: Using dialect: org.hibernate.dialect.PostgreSQL10Dialect
03-Oct-2022 11:53:07 INFO - HHH000490: Using JtaPlatform implementation: [org.hibernate.engine.transaction.jta.platform.internal.NoJtaPlatform]
03-Oct-2022 11:53:07 INFO - Initialized JPA EntityManagerFactory for persistence unit 'default'
03-Oct-2022 11:53:07 WARN - spring.jpa.open-in-view is enabled by default. Therefore, database queries may be performed during view rendering. Explicitly configure spring.jpa.open-in-view to disable this warning
03-Oct-2022 11:53:08 INFO - Neither @ContextConfiguration nor @ContextHierarchy found for test class [com.service.CreditCardServiceTest], using SpringBootContextLoader
03-Oct-2022 11:53:08 INFO - Could not detect default resource locations for test class [com.service.CreditCardServiceTest]: no resource found for suffixes {-context.xml, Context.groovy}.
03-Oct-2022 11:53:08 INFO - Could not detect default configuration classes for test class [com.service.CreditCardServiceTest]: CreditCardServiceTest does not declare any static, non-private, non-final, nested classes annotated with @Configuration.
03-Oct-2022 11:53:08 INFO - Found @SpringBootConfiguration com.CreditCardPaymentApplication for test class com.service.CreditCardServiceTest
03-Oct-2022 11:53:08 INFO - Loaded default TestExecutionListener class names from location [META-INF/spring.factories]: [org.springframework.boot.test.mock.mockito.MockitoTestExecutionListener, org.springframework.boot.test.mock.mockito.ResetMocksTestExecutionListener, org.springframework.boot.test.autoconfigure.restdocs.RestDocsTestExecutionListener, org.springframework.boot.test.autoconfigure.web.client.MockRestServiceServerResetTestExecutionListener, org.springframework.boot.test.autoconfigure.web.servlet.MockMvcPrintOnlyOnFailureTestExecutionListener, org.springframework.boot.test.autoconfigure.web.servlet.WebDriverTestExecutionListener, org.springframework.boot.test.autoconfigure.webservices.client.MockWebServiceServerTestExecutionListener, org.springframework.test.context.web.ServletTestExecutionListener, org.springframework.test.context.support.DirtiesContextBeforeModesTestExecutionListener, org.springframework.test.context.event.ApplicationEventsTestExecutionListener, org.springframework.test.context.support.DependencyInjectionTestExecutionListener, org.springframework.test.context.support.DirtiesContextTestExecutionListener, org.springframework.test.context.transaction.TransactionalTestExecutionListener, org.springframework.test.context.jdbc.SqlScriptsTestExecutionListener, org.springframework.test.context.event.EventPublishingTestExecutionListener]
03-Oct-2022 11:53:08 INFO - Using TestExecutionListeners: [org.springframework.test.context.web.ServletTestExecutionListener@38975904, org.springframework.test.context.support.DirtiesContextBeforeModesTestExecutionListener@30b1d78e, org.springframework.test.context.event.ApplicationEventsTestExecutionListener@4ba2fe, org.springframework.boot.test.mock.mockito.MockitoTestExecutionListener@4290a321, org.springframework.boot.test.autoconfigure.SpringBootDependencyInjectionTestExecutionListener@404d8d0e, org.springframework.test.context.support.DirtiesContextTestExecutionListener@7e7e3f2e, org.springframework.test.context.transaction.TransactionalTestExecutionListener@23ff2e4d, org.springframework.test.context.jdbc.SqlScriptsTestExecutionListener@64b108b8, org.springframework.test.context.event.EventPublishingTestExecutionListener@4838ccdd, org.springframework.boot.test.mock.mockito.ResetMocksTestExecutionListener@47b00dbb, org.springframework.boot.test.autoconfigure.restdocs.RestDocsTestExecutionListener@1de7ce46, org.springframework.boot.test.autoconfigure.web.client.MockRestServiceServerResetTestExecutionListener@717fe18a, org.springframework.boot.test.autoconfigure.web.servlet.MockMvcPrintOnlyOnFailureTestExecutionListener@7faf855c, org.springframework.boot.test.autoconfigure.web.servlet.WebDriverTestExecutionListener@38b582c7, org.springframework.boot.test.autoconfigure.webservices.client.MockWebServiceServerTestExecutionListener@1b83fe69]
03-Oct-2022 11:53:09 INFO - Bootstrapping Spring Data JPA repositories in DEFAULT mode.
03-Oct-2022 11:53:09 INFO - Finished Spring Data repository scanning in 91 ms. Found 7 JPA repository interfaces.
03-Oct-2022 11:53:09 INFO - HHH000204: Processing PersistenceUnitInfo [name: default]
03-Oct-2022 11:53:09 INFO - HHH000400: Using dialect: org.hibernate.dialect.PostgreSQL10Dialect
03-Oct-2022 11:53:10 INFO - HHH000490: Using JtaPlatform implementation: [org.hibernate.engine.transaction.jta.platform.internal.NoJtaPlatform]
03-Oct-2022 11:53:10 INFO - Initialized JPA EntityManagerFactory for persistence unit 'default'
03-Oct-2022 11:53:11 WARN - spring.jpa.open-in-view is enabled by default. Therefore, database queries may be performed during view rendering. Explicitly configure spring.jpa.open-in-view to disable this warning
03-Oct-2022 11:53:11 INFO - Neither @ContextConfiguration nor @ContextHierarchy found for test class [com.service.CustomerServiceTest], using SpringBootContextLoader
03-Oct-2022 11:53:11 INFO - Could not detect default resource locations for test class [com.service.CustomerServiceTest]: no resource found for suffixes {-context.xml, Context.groovy}.
03-Oct-2022 11:53:11 INFO - Could not detect default configuration classes for test class [com.service.CustomerServiceTest]: CustomerServiceTest does not declare any static, non-private, non-final, nested classes annotated with @Configuration.
03-Oct-2022 11:53:11 INFO - Found @SpringBootConfiguration com.CreditCardPaymentApplication for test class com.service.CustomerServiceTest
03-Oct-2022 11:53:11 INFO - Loaded default TestExecutionListener class names from location [META-INF/spring.factories]: [org.springframework.boot.test.mock.mockito.MockitoTestExecutionListener, org.springframework.boot.test.mock.mockito.ResetMocksTestExecutionListener, org.springframework.boot.test.autoconfigure.restdocs.RestDocsTestExecutionListener, org.springframework.boot.test.autoconfigure.web.client.MockRestServiceServerResetTestExecutionListener, org.springframework.boot.test.autoconfigure.web.servlet.MockMvcPrintOnlyOnFailureTestExecutionListener, org.springframework.boot.test.autoconfigure.web.servlet.WebDriverTestExecutionListener, org.springframework.boot.test.autoconfigure.webservices.client.MockWebServiceServerTestExecutionListener, org.springframework.test.context.web.ServletTestExecutionListener, org.springframework.test.context.support.DirtiesContextBeforeModesTestExecutionListener, org.springframework.test.context.event.ApplicationEventsTestExecutionListener, org.springframework.test.context.support.DependencyInjectionTestExecutionListener, org.springframework.test.context.support.DirtiesContextTestExecutionListener, org.springframework.test.context.transaction.TransactionalTestExecutionListener, org.springframework.test.context.jdbc.SqlScriptsTestExecutionListener, org.springframework.test.context.event.EventPublishingTestExecutionListener]
03-Oct-2022 11:53:11 INFO - Using TestExecutionListeners: [org.springframework.test.context.web.ServletTestExecutionListener@336a7182, org.springframework.test.context.support.DirtiesContextBeforeModesTestExecutionListener@2cf5be99, org.springframework.test.context.event.ApplicationEventsTestExecutionListener@603d5d30, org.springframework.boot.test.mock.mockito.MockitoTestExecutionListener@5ed74401, org.springframework.boot.test.autoconfigure.SpringBootDependencyInjectionTestExecutionListener@3e51c838, org.springframework.test.context.support.DirtiesContextTestExecutionListener@3f51b81d, org.springframework.test.context.transaction.TransactionalTestExecutionListener@358fb61a, org.springframework.test.context.jdbc.SqlScriptsTestExecutionListener@519c0be6, org.springframework.test.context.event.EventPublishingTestExecutionListener@613c09e5, org.springframework.boot.test.mock.mockito.ResetMocksTestExecutionListener@531fc48f, org.springframework.boot.test.autoconfigure.restdocs.RestDocsTestExecutionListener@1b688790, org.springframework.boot.test.autoconfigure.web.client.MockRestServiceServerResetTestExecutionListener@2a9a6c20, org.springframework.boot.test.autoconfigure.web.servlet.MockMvcPrintOnlyOnFailureTestExecutionListener@2b682bb7, org.springframework.boot.test.autoconfigure.web.servlet.WebDriverTestExecutionListener@67ea9e9, org.springframework.boot.test.autoconfigure.webservices.client.MockWebServiceServerTestExecutionListener@59f5fab1]
03-Oct-2022 11:53:12 INFO - Bootstrapping Spring Data JPA repositories in DEFAULT mode.
03-Oct-2022 11:53:12 INFO - Finished Spring Data repository scanning in 85 ms. Found 7 JPA repository interfaces.
03-Oct-2022 11:53:12 INFO - HHH000204: Processing PersistenceUnitInfo [name: default]
03-Oct-2022 11:53:12 INFO - HHH000400: Using dialect: org.hibernate.dialect.PostgreSQL10Dialect
03-Oct-2022 11:53:13 INFO - HHH000490: Using JtaPlatform implementation: [org.hibernate.engine.transaction.jta.platform.internal.NoJtaPlatform]
03-Oct-2022 11:53:13 INFO - Initialized JPA EntityManagerFactory for persistence unit 'default'
03-Oct-2022 11:53:13 WARN - spring.jpa.open-in-view is enabled by default. Therefore, database queries may be performed during view rendering. Explicitly configure spring.jpa.open-in-view to disable this warning
03-Oct-2022 11:53:14 INFO - Neither @ContextConfiguration nor @ContextHierarchy found for test class [com.service.PaymentServiceTest], using SpringBootContextLoader
03-Oct-2022 11:53:14 INFO - Could not detect default resource locations for test class [com.service.PaymentServiceTest]: no resource found for suffixes {-context.xml, Context.groovy}.
03-Oct-2022 11:53:14 INFO - Could not detect default configuration classes for test class [com.service.PaymentServiceTest]: PaymentServiceTest does not declare any static, non-private, non-final, nested classes annotated with @Configuration.
03-Oct-2022 11:53:14 INFO - Found @SpringBootConfiguration com.CreditCardPaymentApplication for test class com.service.PaymentServiceTest
03-Oct-2022 11:53:14 INFO - Loaded default TestExecutionListener class names from location [META-INF/spring.factories]: [org.springframework.boot.test.mock.mockito.MockitoTestExecutionListener, org.springframework.boot.test.mock.mockito.ResetMocksTestExecutionListener, org.springframework.boot.test.autoconfigure.restdocs.RestDocsTestExecutionListener, org.springframework.boot.test.autoconfigure.web.client.MockRestServiceServerResetTestExecutionListener, org.springframework.boot.test.autoconfigure.web.servlet.MockMvcPrintOnlyOnFailureTestExecutionListener, org.springframework.boot.test.autoconfigure.web.servlet.WebDriverTestExecutionListener, org.springframework.boot.test.autoconfigure.webservices.client.MockWebServiceServerTestExecutionListener, org.springframework.test.context.web.ServletTestExecutionListener, org.springframework.test.context.support.DirtiesContextBeforeModesTestExecutionListener, org.springframework.test.context.event.ApplicationEventsTestExecutionListener, org.springframework.test.context.support.DependencyInjectionTestExecutionListener, org.springframework.test.context.support.DirtiesContextTestExecutionListener, org.springframework.test.context.transaction.TransactionalTestExecutionListener, org.springframework.test.context.jdbc.SqlScriptsTestExecutionListener, org.springframework.test.context.event.EventPublishingTestExecutionListener]
03-Oct-2022 11:53:14 INFO - Using TestExecutionListeners: [org.springframework.test.context.web.ServletTestExecutionListener@37d4fbc6, org.springframework.test.context.support.DirtiesContextBeforeModesTestExecutionListener@5c63c03a, org.springframework.test.context.event.ApplicationEventsTestExecutionListener@6aabb5fc, org.springframework.boot.test.mock.mockito.MockitoTestExecutionListener@7a67795d, org.springframework.boot.test.autoconfigure.SpringBootDependencyInjectionTestExecutionListener@6a7db71c, org.springframework.test.context.support.DirtiesContextTestExecutionListener@28ddc879, org.springframework.test.context.transaction.TransactionalTestExecutionListener@1f6e8ccb, org.springframework.test.context.jdbc.SqlScriptsTestExecutionListener@5e82b3ea, org.springframework.test.context.event.EventPublishingTestExecutionListener@59c02a71, org.springframework.boot.test.mock.mockito.ResetMocksTestExecutionListener@1f18af30, org.springframework.boot.test.autoconfigure.restdocs.RestDocsTestExecutionListener@747b60cc, org.springframework.boot.test.autoconfigure.web.client.MockRestServiceServerResetTestExecutionListener@3f2d804a, org.springframework.boot.test.autoconfigure.web.servlet.MockMvcPrintOnlyOnFailureTestExecutionListener@6766a67c, org.springframework.boot.test.autoconfigure.web.servlet.WebDriverTestExecutionListener@3d5de48f, org.springframework.boot.test.autoconfigure.webservices.client.MockWebServiceServerTestExecutionListener@120f9ee8]
03-Oct-2022 11:53:15 INFO - Bootstrapping Spring Data JPA repositories in DEFAULT mode.
03-Oct-2022 11:53:15 INFO - Finished Spring Data repository scanning in 62 ms. Found 7 JPA repository interfaces.
03-Oct-2022 11:53:15 INFO - HHH000204: Processing PersistenceUnitInfo [name: default]
03-Oct-2022 11:53:15 INFO - HHH000400: Using dialect: org.hibernate.dialect.PostgreSQL10Dialect
03-Oct-2022 11:53:15 INFO - HHH000490: Using JtaPlatform implementation: [org.hibernate.engine.transaction.jta.platform.internal.NoJtaPlatform]
03-Oct-2022 11:53:15 INFO - Initialized JPA EntityManagerFactory for persistence unit 'default'
03-Oct-2022 11:53:16 WARN - spring.jpa.open-in-view is enabled by default. Therefore, database queries may be performed during view rendering. Explicitly configure spring.jpa.open-in-view to disable this warning
03-Oct-2022 11:53:17 INFO - Neither @ContextConfiguration nor @ContextHierarchy found for test class [com.service.StatementServiceTest], using SpringBootContextLoader
03-Oct-2022 11:53:17 INFO - Could not detect default resource locations for test class [com.service.StatementServiceTest]: no resource found for suffixes {-context.xml, Context.groovy}.
03-Oct-2022 11:53:17 INFO - Could not detect default configuration classes for test class [com.service.StatementServiceTest]: StatementServiceTest does not declare any static, non-private, non-final, nested classes annotated with @Configuration.
03-Oct-2022 11:53:17 INFO - Found @SpringBootConfiguration com.CreditCardPaymentApplication for test class com.service.StatementServiceTest
03-Oct-2022 11:53:17 INFO - Loaded default TestExecutionListener class names from location [META-INF/spring.factories]: [org.springframework.boot.test.mock.mockito.MockitoTestExecutionListener, org.springframework.boot.test.mock.mockito.ResetMocksTestExecutionListener, org.springframework.boot.test.autoconfigure.restdocs.RestDocsTestExecutionListener, org.springframework.boot.test.autoconfigure.web.client.MockRestServiceServerResetTestExecutionListener, org.springframework.boot.test.autoconfigure.web.servlet.MockMvcPrintOnlyOnFailureTestExecutionListener, org.springframework.boot.test.autoconfigure.web.servlet.WebDriverTestExecutionListener, org.springframework.boot.test.autoconfigure.webservices.client.MockWebServiceServerTestExecutionListener, org.springframework.test.context.web.ServletTestExecutionListener, org.springframework.test.context.support.DirtiesContextBeforeModesTestExecutionListener, org.springframework.test.context.event.ApplicationEventsTestExecutionListener, org.springframework.test.context.support.DependencyInjectionTestExecutionListener, org.springframework.test.context.support.DirtiesContextTestExecutionListener, org.springframework.test.context.transaction.TransactionalTestExecutionListener, org.springframework.test.context.jdbc.SqlScriptsTestExecutionListener, org.springframework.test.context.event.EventPublishingTestExecutionListener]
03-Oct-2022 11:53:17 INFO - Using TestExecutionListeners: [org.springframework.test.context.web.ServletTestExecutionListener@6624bff9, org.springframework.test.context.support.DirtiesContextBeforeModesTestExecutionListener@27854b33, org.springframework.test.context.event.ApplicationEventsTestExecutionListener@6cf335f, org.springframework.boot.test.mock.mockito.MockitoTestExecutionListener@6433f35b, org.springframework.boot.test.autoconfigure.SpringBootDependencyInjectionTestExecutionListener@272b4353, org.springframework.test.context.support.DirtiesContextTestExecutionListener@2a7a4856, org.springframework.test.context.transaction.TransactionalTestExecutionListener@5550c38d, org.springframework.test.context.jdbc.SqlScriptsTestExecutionListener@2e825b57, org.springframework.test.context.event.EventPublishingTestExecutionListener@53cea40f, org.springframework.boot.test.mock.mockito.ResetMocksTestExecutionListener@2b8e7ed8, org.springframework.boot.test.autoconfigure.restdocs.RestDocsTestExecutionListener@78918c8f, org.springframework.boot.test.autoconfigure.web.client.MockRestServiceServerResetTestExecutionListener@44752829, org.springframework.boot.test.autoconfigure.web.servlet.MockMvcPrintOnlyOnFailureTestExecutionListener@623d1274, org.springframework.boot.test.autoconfigure.web.servlet.WebDriverTestExecutionListener@3a9dc855, org.springframework.boot.test.autoconfigure.webservices.client.MockWebServiceServerTestExecutionListener@4e1cce7d]
03-Oct-2022 11:53:17 INFO - Bootstrapping Spring Data JPA repositories in DEFAULT mode.
03-Oct-2022 11:53:17 INFO - Finished Spring Data repository scanning in 64 ms. Found 7 JPA repository interfaces.
03-Oct-2022 11:53:17 INFO - HHH000204: Processing PersistenceUnitInfo [name: default]
03-Oct-2022 11:53:17 INFO - HHH000400: Using dialect: org.hibernate.dialect.PostgreSQL10Dialect
03-Oct-2022 11:53:18 INFO - HHH000490: Using JtaPlatform implementation: [org.hibernate.engine.transaction.jta.platform.internal.NoJtaPlatform]
03-Oct-2022 11:53:18 INFO - Initialized JPA EntityManagerFactory for persistence unit 'default'
03-Oct-2022 11:53:18 WARN - spring.jpa.open-in-view is enabled by default. Therefore, database queries may be performed during view rendering. Explicitly configure spring.jpa.open-in-view to disable this warning
03-Oct-2022 11:53:19 INFO - Neither @ContextConfiguration nor @ContextHierarchy found for test class [com.service.TransactionServiceTest], using SpringBootContextLoader
03-Oct-2022 11:53:19 INFO - Could not detect default resource locations for test class [com.service.TransactionServiceTest]: no resource found for suffixes {-context.xml, Context.groovy}.
03-Oct-2022 11:53:19 INFO - Could not detect default configuration classes for test class [com.service.TransactionServiceTest]: TransactionServiceTest does not declare any static, non-private, non-final, nested classes annotated with @Configuration.
03-Oct-2022 11:53:19 INFO - Found @SpringBootConfiguration com.CreditCardPaymentApplication for test class com.service.TransactionServiceTest
03-Oct-2022 11:53:19 INFO - Loaded default TestExecutionListener class names from location [META-INF/spring.factories]: [org.springframework.boot.test.mock.mockito.MockitoTestExecutionListener, org.springframework.boot.test.mock.mockito.ResetMocksTestExecutionListener, org.springframework.boot.test.autoconfigure.restdocs.RestDocsTestExecutionListener, org.springframework.boot.test.autoconfigure.web.client.MockRestServiceServerResetTestExecutionListener, org.springframework.boot.test.autoconfigure.web.servlet.MockMvcPrintOnlyOnFailureTestExecutionListener, org.springframework.boot.test.autoconfigure.web.servlet.WebDriverTestExecutionListener, org.springframework.boot.test.autoconfigure.webservices.client.MockWebServiceServerTestExecutionListener, org.springframework.test.context.web.ServletTestExecutionListener, org.springframework.test.context.support.DirtiesContextBeforeModesTestExecutionListener, org.springframework.test.context.event.ApplicationEventsTestExecutionListener, org.springframework.test.context.support.DependencyInjectionTestExecutionListener, org.springframework.test.context.support.DirtiesContextTestExecutionListener, org.springframework.test.context.transaction.TransactionalTestExecutionListener, org.springframework.test.context.jdbc.SqlScriptsTestExecutionListener, org.springframework.test.context.event.EventPublishingTestExecutionListener]
03-Oct-2022 11:53:19 INFO - Using TestExecutionListeners: [org.springframework.test.context.web.ServletTestExecutionListener@2fb8f7f1, org.springframework.test.context.support.DirtiesContextBeforeModesTestExecutionListener@710a1b5e, org.springframework.test.context.event.ApplicationEventsTestExecutionListener@3cc017fc, org.springframework.boot.test.mock.mockito.MockitoTestExecutionListener@700f6efc, org.springframework.boot.test.autoconfigure.SpringBootDependencyInjectionTestExecutionListener@18e01873, org.springframework.test.context.support.DirtiesContextTestExecutionListener@391130da, org.springframework.test.context.transaction.TransactionalTestExecutionListener@552aff3, org.springframework.test.context.jdbc.SqlScriptsTestExecutionListener@e21492b, org.springframework.test.context.event.EventPublishingTestExecutionListener@169afb1c, org.springframework.boot.test.mock.mockito.ResetMocksTestExecutionListener@263d8ef5, org.springframework.boot.test.autoconfigure.restdocs.RestDocsTestExecutionListener@360090f6, org.springframework.boot.test.autoconfigure.web.client.MockRestServiceServerResetTestExecutionListener@32ecef0c, org.springframework.boot.test.autoconfigure.web.servlet.MockMvcPrintOnlyOnFailureTestExecutionListener@736fa056, org.springframework.boot.test.autoconfigure.web.servlet.WebDriverTestExecutionListener@39efc2e8, org.springframework.boot.test.autoconfigure.webservices.client.MockWebServiceServerTestExecutionListener@b5a7203]
03-Oct-2022 11:53:19 INFO - Bootstrapping Spring Data JPA repositories in DEFAULT mode.
03-Oct-2022 11:53:19 INFO - Finished Spring Data repository scanning in 59 ms. Found 7 JPA repository interfaces.
03-Oct-2022 11:53:20 INFO - HHH000204: Processing PersistenceUnitInfo [name: default]
03-Oct-2022 11:53:20 INFO - HHH000400: Using dialect: org.hibernate.dialect.PostgreSQL10Dialect
03-Oct-2022 11:53:20 INFO - HHH000490: Using JtaPlatform implementation: [org.hibernate.engine.transaction.jta.platform.internal.NoJtaPlatform]
03-Oct-2022 11:53:20 INFO - Initialized JPA EntityManagerFactory for persistence unit 'default'
03-Oct-2022 11:53:20 WARN - spring.jpa.open-in-view is enabled by default. Therefore, database queries may be performed during view rendering. Explicitly configure spring.jpa.open-in-view to disable this warning
03-Oct-2022 11:53:21 INFO - Closing JPA EntityManagerFactory for persistence unit 'default'
03-Oct-2022 11:53:21 INFO - Closing JPA EntityManagerFactory for persistence unit 'default'
03-Oct-2022 11:53:21 INFO - Closing JPA EntityManagerFactory for persistence unit 'default'
03-Oct-2022 11:53:21 INFO - Closing JPA EntityManagerFactory for persistence unit 'default'
03-Oct-2022 11:53:21 INFO - Closing JPA EntityManagerFactory for persistence unit 'default'
03-Oct-2022 11:53:21 INFO - Closing JPA EntityManagerFactory for persistence unit 'default'
03-Oct-2022 11:53:21 INFO - Closing JPA EntityManagerFactory for persistence unit 'default'
03-Oct-2022 12:09:07 INFO - HV000001: Hibernate Validator 6.2.5.Final
03-Oct-2022 12:09:08 INFO - Bootstrapping Spring Data JPA repositories in DEFAULT mode.
03-Oct-2022 12:09:08 INFO - Finished Spring Data repository scanning in 122 ms. Found 7 JPA repository interfaces.
03-Oct-2022 12:09:09 INFO - Tomcat initialized with port(s): 8080 (http)
03-Oct-2022 12:09:09 INFO - Initializing ProtocolHandler ["http-nio-8080"]
03-Oct-2022 12:09:09 INFO - Starting service [Tomcat]
03-Oct-2022 12:09:09 INFO - Starting Servlet engine: [Apache Tomcat/9.0.65]
03-Oct-2022 12:09:09 INFO - Initializing Spring embedded WebApplicationContext
03-Oct-2022 12:09:09 INFO - Root WebApplicationContext: initialization completed in 1814 ms
03-Oct-2022 12:09:09 INFO - HHH000204: Processing PersistenceUnitInfo [name: default]
03-Oct-2022 12:09:09 INFO - HHH000412: Hibernate ORM core version 5.6.11.Final
03-Oct-2022 12:09:09 INFO - HCANN000001: Hibernate Commons Annotations {5.1.2.Final}
03-Oct-2022 12:09:09 INFO - HHH000400: Using dialect: org.hibernate.dialect.PostgreSQL10Dialect
03-Oct-2022 12:09:10 INFO - HHH000490: Using JtaPlatform implementation: [org.hibernate.engine.transaction.jta.platform.internal.NoJtaPlatform]
03-Oct-2022 12:09:10 INFO - Initialized JPA EntityManagerFactory for persistence unit 'default'
03-Oct-2022 12:09:11 WARN - spring.jpa.open-in-view is enabled by default. Therefore, database queries may be performed during view rendering. Explicitly configure spring.jpa.open-in-view to disable this warning
03-Oct-2022 12:09:11 INFO - Starting ProtocolHandler ["http-nio-8080"]
03-Oct-2022 12:09:11 WARN - Exception encountered during context initialization - cancelling refresh attempt: org.springframework.context.ApplicationContextException: Failed to start bean 'webServerStartStop'; nested exception is org.springframework.boot.web.server.PortInUseException: Port 8080 is already in use
03-Oct-2022 12:09:11 INFO - Closing JPA EntityManagerFactory for persistence unit 'default'
03-Oct-2022 12:09:11 INFO - Pausing ProtocolHandler ["http-nio-8080"]
03-Oct-2022 12:09:11 INFO - Stopping service [Tomcat]
03-Oct-2022 12:09:11 INFO - Stopping ProtocolHandler ["http-nio-8080"]
03-Oct-2022 12:09:11 INFO - Destroying ProtocolHandler ["http-nio-8080"]
03-Oct-2022 12:09:11 INFO - 

Error starting ApplicationContext. To display the conditions report re-run your application with 'debug' enabled.
03-Oct-2022 12:09:11 ERROR - 

***************************
APPLICATION FAILED TO START
***************************

Description:

Web server failed to start. Port 8080 was already in use.

Action:

Identify and stop the process that's listening on port 8080 or configure this application to listen on another port.

03-Oct-2022 12:11:27 ERROR - Servlet.service() for servlet [dispatcherServlet] in context with path [] threw exception [Request processing failed; nested exception is org.springframework.transaction.TransactionSystemException: Could not commit JPA transaction; nested exception is javax.persistence.RollbackException: Error while committing the transaction] with root cause
javax.validation.ConstraintViolationException: Validation failed for classes [com.entity.Account] during persist time for groups [javax.validation.groups.Default, ]
List of constraint violations:[
	ConstraintViolationImpl{interpolatedMessage='Account name should be at least 2 characters long', propertyPath=accountName, rootBeanClass=class com.entity.Account, messageTemplate='Account name should be at least 2 characters long'}
]
	at org.hibernate.cfg.beanvalidation.BeanValidationEventListener.validate(BeanValidationEventListener.java:140) ~[hibernate-core-5.6.11.Final.jar:5.6.11.Final]
	at org.hibernate.cfg.beanvalidation.BeanValidationEventListener.onPreInsert(BeanValidationEventListener.java:80) ~[hibernate-core-5.6.11.Final.jar:5.6.11.Final]
	at org.hibernate.action.internal.EntityInsertAction.preInsert(EntityInsertAction.java:214) ~[hibernate-core-5.6.11.Final.jar:5.6.11.Final]
	at org.hibernate.action.internal.EntityInsertAction.execute(EntityInsertAction.java:100) ~[hibernate-core-5.6.11.Final.jar:5.6.11.Final]
	at org.hibernate.engine.spi.ActionQueue.executeActions(ActionQueue.java:604) ~[hibernate-core-5.6.11.Final.jar:5.6.11.Final]
	at org.hibernate.engine.spi.ActionQueue.lambda$executeActions$1(ActionQueue.java:478) ~[hibernate-core-5.6.11.Final.jar:5.6.11.Final]
	at java.util.LinkedHashMap.forEach(LinkedHashMap.java:721) ~[?:?]
	at org.hibernate.engine.spi.ActionQueue.executeActions(ActionQueue.java:475) ~[hibernate-core-5.6.11.Final.jar:5.6.11.Final]
	at org.hibernate.event.internal.AbstractFlushingEventListener.performExecutions(AbstractFlushingEventListener.java:344) ~[hibernate-core-5.6.11.Final.jar:5.6.11.Final]
	at org.hibernate.event.internal.DefaultFlushEventListener.onFlush(DefaultFlushEventListener.java:40) ~[hibernate-core-5.6.11.Final.jar:5.6.11.Final]
	at org.hibernate.event.service.internal.EventListenerGroupImpl.fireEventOnEachListener(EventListenerGroupImpl.java:107) ~[hibernate-core-5.6.11.Final.jar:5.6.11.Final]
	at org.hibernate.internal.SessionImpl.doFlush(SessionImpl.java:1407) ~[hibernate-core-5.6.11.Final.jar:5.6.11.Final]
	at org.hibernate.internal.SessionImpl.managedFlush(SessionImpl.java:489) ~[hibernate-core-5.6.11.Final.jar:5.6.11.Final]
	at org.hibernate.internal.SessionImpl.flushBeforeTransactionCompletion(SessionImpl.java:3290) ~[hibernate-core-5.6.11.Final.jar:5.6.11.Final]
	at org.hibernate.internal.SessionImpl.beforeTransactionCompletion(SessionImpl.java:2425) ~[hibernate-core-5.6.11.Final.jar:5.6.11.Final]
	at org.hibernate.engine.jdbc.internal.JdbcCoordinatorImpl.beforeTransactionCompletion(JdbcCoordinatorImpl.java:449) ~[hibernate-core-5.6.11.Final.jar:5.6.11.Final]
	at org.hibernate.resource.transaction.backend.jdbc.internal.JdbcResourceLocalTransactionCoordinatorImpl.beforeCompletionCallback(JdbcResourceLocalTransactionCoordinatorImpl.java:183) ~[hibernate-core-5.6.11.Final.jar:5.6.11.Final]
	at org.hibernate.resource.transaction.backend.jdbc.internal.JdbcResourceLocalTransactionCoordinatorImpl.access$300(JdbcResourceLocalTransactionCoordinatorImpl.java:40) ~[hibernate-core-5.6.11.Final.jar:5.6.11.Final]
	at org.hibernate.resource.transaction.backend.jdbc.internal.JdbcResourceLocalTransactionCoordinatorImpl$TransactionDriverControlImpl.commit(JdbcResourceLocalTransactionCoordinatorImpl.java:281) ~[hibernate-core-5.6.11.Final.jar:5.6.11.Final]
	at org.hibernate.engine.transaction.internal.TransactionImpl.commit(TransactionImpl.java:101) ~[hibernate-core-5.6.11.Final.jar:5.6.11.Final]
	at org.springframework.orm.jpa.JpaTransactionManager.doCommit(JpaTransactionManager.java:562) ~[spring-orm-5.3.23.jar:5.3.23]
	at org.springframework.transaction.support.AbstractPlatformTransactionManager.processCommit(AbstractPlatformTransactionManager.java:743) ~[spring-tx-5.3.23.jar:5.3.23]
	at org.springframework.transaction.support.AbstractPlatformTransactionManager.commit(AbstractPlatformTransactionManager.java:711) ~[spring-tx-5.3.23.jar:5.3.23]
	at org.springframework.transaction.interceptor.TransactionAspectSupport.commitTransactionAfterReturning(TransactionAspectSupport.java:654) ~[spring-tx-5.3.23.jar:5.3.23]
	at org.springframework.transaction.interceptor.TransactionAspectSupport.invokeWithinTransaction(TransactionAspectSupport.java:407) ~[spring-tx-5.3.23.jar:5.3.23]
	at org.springframework.transaction.interceptor.TransactionInterceptor.invoke(TransactionInterceptor.java:119) ~[spring-tx-5.3.23.jar:5.3.23]
	at org.springframework.aop.framework.ReflectiveMethodInvocation.proceed(ReflectiveMethodInvocation.java:186) ~[spring-aop-5.3.23.jar:5.3.23]
	at org.springframework.dao.support.PersistenceExceptionTranslationInterceptor.invoke(PersistenceExceptionTranslationInterceptor.java:137) ~[spring-tx-5.3.23.jar:5.3.23]
	at org.springframework.aop.framework.ReflectiveMethodInvocation.proceed(ReflectiveMethodInvocation.java:186) ~[spring-aop-5.3.23.jar:5.3.23]
	at org.springframework.data.jpa.repository.support.CrudMethodMetadataPostProcessor$CrudMethodMetadataPopulatingMethodInterceptor.invoke(CrudMethodMetadataPostProcessor.java:174) ~[spring-data-jpa-2.7.3.jar:2.7.3]
	at org.springframework.aop.framework.ReflectiveMethodInvocation.proceed(ReflectiveMethodInvocation.java:186) ~[spring-aop-5.3.23.jar:5.3.23]
	at org.springframework.aop.interceptor.ExposeInvocationInterceptor.invoke(ExposeInvocationInterceptor.java:97) ~[spring-aop-5.3.23.jar:5.3.23]
	at org.springframework.aop.framework.ReflectiveMethodInvocation.proceed(ReflectiveMethodInvocation.java:186) ~[spring-aop-5.3.23.jar:5.3.23]
	at org.springframework.aop.framework.JdkDynamicAopProxy.invoke(JdkDynamicAopProxy.java:215) ~[spring-aop-5.3.23.jar:5.3.23]
	at jdk.proxy2.$Proxy138.save(Unknown Source) ~[?:?]
	at com.service.AccountService.addAccount(AccountService.java:21) ~[classes/:?]
	at com.controller.AccountController.addAccount(AccountController.java:33) ~[classes/:?]
	at jdk.internal.reflect.DirectMethodHandleAccessor.invoke(DirectMethodHandleAccessor.java:104) ~[?:?]
	at java.lang.reflect.Method.invoke(Method.java:577) ~[?:?]
	at org.springframework.web.method.support.InvocableHandlerMethod.doInvoke(InvocableHandlerMethod.java:205) ~[spring-web-5.3.23.jar:5.3.23]
	at org.springframework.web.method.support.InvocableHandlerMethod.invokeForRequest(InvocableHandlerMethod.java:150) ~[spring-web-5.3.23.jar:5.3.23]
	at org.springframework.web.servlet.mvc.method.annotation.ServletInvocableHandlerMethod.invokeAndHandle(ServletInvocableHandlerMethod.java:117) ~[spring-webmvc-5.3.23.jar:5.3.23]
	at org.springframework.web.servlet.mvc.method.annotation.RequestMappingHandlerAdapter.invokeHandlerMethod(RequestMappingHandlerAdapter.java:895) ~[spring-webmvc-5.3.23.jar:5.3.23]
	at org.springframework.web.servlet.mvc.method.annotation.RequestMappingHandlerAdapter.handleInternal(RequestMappingHandlerAdapter.java:808) ~[spring-webmvc-5.3.23.jar:5.3.23]
	at org.springframework.web.servlet.mvc.method.AbstractHandlerMethodAdapter.handle(AbstractHandlerMethodAdapter.java:87) ~[spring-webmvc-5.3.23.jar:5.3.23]
	at org.springframework.web.servlet.DispatcherServlet.doDispatch(DispatcherServlet.java:1071) ~[spring-webmvc-5.3.23.jar:5.3.23]
	at org.springframework.web.servlet.DispatcherServlet.doService(DispatcherServlet.java:964) ~[spring-webmvc-5.3.23.jar:5.3.23]
	at org.springframework.web.servlet.FrameworkServlet.processRequest(FrameworkServlet.java:1006) ~[spring-webmvc-5.3.23.jar:5.3.23]
	at org.springframework.web.servlet.FrameworkServlet.doPost(FrameworkServlet.java:909) ~[spring-webmvc-5.3.23.jar:5.3.23]
	at javax.servlet.http.HttpServlet.service(HttpServlet.java:681) ~[tomcat-embed-core-9.0.65.jar:4.0.FR]
	at org.springframework.web.servlet.FrameworkServlet.service(FrameworkServlet.java:883) ~[spring-webmvc-5.3.23.jar:5.3.23]
	at javax.servlet.http.HttpServlet.service(HttpServlet.java:764) ~[tomcat-embed-core-9.0.65.jar:4.0.FR]
	at org.apache.catalina.core.ApplicationFilterChain.internalDoFilter(ApplicationFilterChain.java:227) ~[tomcat-embed-core-9.0.65.jar:9.0.65]
	at org.apache.catalina.core.ApplicationFilterChain.doFilter(ApplicationFilterChain.java:162) ~[tomcat-embed-core-9.0.65.jar:9.0.65]
	at org.apache.tomcat.websocket.server.WsFilter.doFilter(WsFilter.java:53) ~[tomcat-embed-websocket-9.0.65.jar:9.0.65]
	at org.apache.catalina.core.ApplicationFilterChain.internalDoFilter(ApplicationFilterChain.java:189) ~[tomcat-embed-core-9.0.65.jar:9.0.65]
	at org.apache.catalina.core.ApplicationFilterChain.doFilter(ApplicationFilterChain.java:162) ~[tomcat-embed-core-9.0.65.jar:9.0.65]
	at org.springframework.web.filter.RequestContextFilter.doFilterInternal(RequestContextFilter.java:100) ~[spring-web-5.3.23.jar:5.3.23]
	at org.springframework.web.filter.OncePerRequestFilter.doFilter(OncePerRequestFilter.java:117) ~[spring-web-5.3.23.jar:5.3.23]
	at org.apache.catalina.core.ApplicationFilterChain.internalDoFilter(ApplicationFilterChain.java:189) ~[tomcat-embed-core-9.0.65.jar:9.0.65]
	at org.apache.catalina.core.ApplicationFilterChain.doFilter(ApplicationFilterChain.java:162) ~[tomcat-embed-core-9.0.65.jar:9.0.65]
	at org.springframework.web.filter.FormContentFilter.doFilterInternal(FormContentFilter.java:93) ~[spring-web-5.3.23.jar:5.3.23]
	at org.springframework.web.filter.OncePerRequestFilter.doFilter(OncePerRequestFilter.java:117) ~[spring-web-5.3.23.jar:5.3.23]
	at org.apache.catalina.core.ApplicationFilterChain.internalDoFilter(ApplicationFilterChain.java:189) ~[tomcat-embed-core-9.0.65.jar:9.0.65]
	at org.apache.catalina.core.ApplicationFilterChain.doFilter(ApplicationFilterChain.java:162) ~[tomcat-embed-core-9.0.65.jar:9.0.65]
	at org.springframework.web.filter.CharacterEncodingFilter.doFilterInternal(CharacterEncodingFilter.java:201) ~[spring-web-5.3.23.jar:5.3.23]
	at org.springframework.web.filter.OncePerRequestFilter.doFilter(OncePerRequestFilter.java:117) ~[spring-web-5.3.23.jar:5.3.23]
	at org.apache.catalina.core.ApplicationFilterChain.internalDoFilter(ApplicationFilterChain.java:189) ~[tomcat-embed-core-9.0.65.jar:9.0.65]
	at org.apache.catalina.core.ApplicationFilterChain.doFilter(ApplicationFilterChain.java:162) ~[tomcat-embed-core-9.0.65.jar:9.0.65]
	at org.apache.catalina.core.StandardWrapperValve.invoke(StandardWrapperValve.java:197) ~[tomcat-embed-core-9.0.65.jar:9.0.65]
	at org.apache.catalina.core.StandardContextValve.invoke(StandardContextValve.java:97) ~[tomcat-embed-core-9.0.65.jar:9.0.65]
	at org.apache.catalina.authenticator.AuthenticatorBase.invoke(AuthenticatorBase.java:541) ~[tomcat-embed-core-9.0.65.jar:9.0.65]
	at org.apache.catalina.core.StandardHostValve.invoke(StandardHostValve.java:135) ~[tomcat-embed-core-9.0.65.jar:9.0.65]
	at org.apache.catalina.valves.ErrorReportValve.invoke(ErrorReportValve.java:92) ~[tomcat-embed-core-9.0.65.jar:9.0.65]
	at org.apache.catalina.core.StandardEngineValve.invoke(StandardEngineValve.java:78) ~[tomcat-embed-core-9.0.65.jar:9.0.65]
	at org.apache.catalina.connector.CoyoteAdapter.service(CoyoteAdapter.java:360) ~[tomcat-embed-core-9.0.65.jar:9.0.65]
	at org.apache.coyote.http11.Http11Processor.service(Http11Processor.java:399) ~[tomcat-embed-core-9.0.65.jar:9.0.65]
	at org.apache.coyote.AbstractProcessorLight.process(AbstractProcessorLight.java:65) ~[tomcat-embed-core-9.0.65.jar:9.0.65]
	at org.apache.coyote.AbstractProtocol$ConnectionHandler.process(AbstractProtocol.java:890) ~[tomcat-embed-core-9.0.65.jar:9.0.65]
	at org.apache.tomcat.util.net.NioEndpoint$SocketProcessor.doRun(NioEndpoint.java:1789) ~[tomcat-embed-core-9.0.65.jar:9.0.65]
	at org.apache.tomcat.util.net.SocketProcessorBase.run(SocketProcessorBase.java:49) ~[tomcat-embed-core-9.0.65.jar:9.0.65]
	at org.apache.tomcat.util.threads.ThreadPoolExecutor.runWorker(ThreadPoolExecutor.java:1191) ~[tomcat-embed-core-9.0.65.jar:9.0.65]
	at org.apache.tomcat.util.threads.ThreadPoolExecutor$Worker.run(ThreadPoolExecutor.java:659) ~[tomcat-embed-core-9.0.65.jar:9.0.65]
	at org.apache.tomcat.util.threads.TaskThread$WrappingRunnable.run(TaskThread.java:61) ~[tomcat-embed-core-9.0.65.jar:9.0.65]
	at java.lang.Thread.run(Thread.java:833) ~[?:?]
03-Oct-2022 12:14:31 INFO - Application shutdown requested.
03-Oct-2022 12:14:32 INFO - Pausing ProtocolHandler ["http-nio-8080"]
03-Oct-2022 12:14:32 INFO - Stopping service [Tomcat]
03-Oct-2022 12:14:32 INFO - Destroying Spring FrameworkServlet 'dispatcherServlet'
03-Oct-2022 12:14:32 INFO - Stopping ProtocolHandler ["http-nio-8080"]
03-Oct-2022 12:14:32 INFO - Destroying ProtocolHandler ["http-nio-8080"]
03-Oct-2022 12:14:32 INFO - Closing JPA EntityManagerFactory for persistence unit 'default'
03-Oct-2022 12:14:34 INFO - HV000001: Hibernate Validator 6.2.5.Final
03-Oct-2022 12:14:36 INFO - Bootstrapping Spring Data JPA repositories in DEFAULT mode.
03-Oct-2022 12:14:36 INFO - Finished Spring Data repository scanning in 140 ms. Found 7 JPA repository interfaces.
03-Oct-2022 12:14:36 INFO - Tomcat initialized with port(s): 8080 (http)
03-Oct-2022 12:14:36 INFO - Initializing ProtocolHandler ["http-nio-8080"]
03-Oct-2022 12:14:36 INFO - Starting service [Tomcat]
03-Oct-2022 12:14:36 INFO - Starting Servlet engine: [Apache Tomcat/9.0.65]
03-Oct-2022 12:14:36 INFO - Initializing Spring embedded WebApplicationContext
03-Oct-2022 12:14:36 INFO - Root WebApplicationContext: initialization completed in 1866 ms
03-Oct-2022 12:14:37 INFO - HHH000204: Processing PersistenceUnitInfo [name: default]
03-Oct-2022 12:14:37 INFO - HHH000412: Hibernate ORM core version 5.6.11.Final
03-Oct-2022 12:14:37 INFO - HCANN000001: Hibernate Commons Annotations {5.1.2.Final}
03-Oct-2022 12:14:37 INFO - HHH000400: Using dialect: org.hibernate.dialect.PostgreSQL10Dialect
03-Oct-2022 12:14:38 INFO - HHH000490: Using JtaPlatform implementation: [org.hibernate.engine.transaction.jta.platform.internal.NoJtaPlatform]
03-Oct-2022 12:14:38 INFO - Initialized JPA EntityManagerFactory for persistence unit 'default'
03-Oct-2022 12:14:39 WARN - spring.jpa.open-in-view is enabled by default. Therefore, database queries may be performed during view rendering. Explicitly configure spring.jpa.open-in-view to disable this warning
03-Oct-2022 12:14:39 INFO - Starting ProtocolHandler ["http-nio-8080"]
03-Oct-2022 12:14:39 INFO - Tomcat started on port(s): 8080 (http) with context path ''
